build/app/outputs/mapping/release/seeds.txt
com.example.talky.MainActivity
com.example.talky.MainActivity: MainActivity()
...
io.flutter.embedding.engine.FlutterJNI: void nativeUpdateJavaAssetManager(long,android.content.res.AssetManager,java.lang.String)
com.google.android.material.chip.Chip: void setHideMotionSpecResource(int)
com.google.android.material.textfield.TextInputLayout: void setTypeface(android.graphics.Typeface)
androidx.appcompat.widget.SearchView: void setOnSearchClickListener(android.view.View$OnClickListener)
androidx.window.layout.WindowMetrics: java.lang.String toString()
io.flutter.embedding.engine.systemchannels.TextInputChannel$TextInputType: io.flutter.embedding.engine.systemchannels.TextInputChannel$TextInputType valueOf(java.lang.String)
io.flutter.embedding.engine.FlutterJNI: java.lang.String getObservatoryUri()
com.google.android.recaptcha.internal.zzhm: void zze(java.lang.Object,long,double)
io.flutter.embedding.engine.FlutterJNI: android.graphics.Bitmap getBitmap()
androidx.recyclerview.widget.RecyclerView: androidx.recyclerview.widget.RecyclerView$ItemAnimator getItemAnimator()
androidx.coordinatorlayout.widget.CoordinatorLayout: void setVisibility(int)
com.google.firebase.firestore.MetadataChanges: com.google.firebase.firestore.MetadataChanges valueOf(java.lang.String)
com.google.android.material.search.SearchBar: void setHint(int)
io.flutter.embedding.engine.FlutterJNI: void loadLibrary()
com.google.android.material.chip.ChipGroup: int getCheckedChipId()
com.google.android.recaptcha.internal.zzgr: java.lang.Iterable zza()
com.google.android.material.floatingactionbutton.ExtendedFloatingActionButton: int getCollapsedSize()
io.flutter.embedding.engine.renderer.FlutterRenderer$DisplayFeatureType: io.flutter.embedding.engine.renderer.FlutterRenderer$DisplayFeatureType valueOf(java.lang.String)
androidx.appcompat.widget.AppCompatMultiAutoCompleteTextView: android.graphics.PorterDuff$Mode getSupportBackgroundTintMode()
com.google.android.recaptcha.internal.zzgs: zzgs(com.google.android.recaptcha.internal.zzgy,java.lang.Comparable,java.lang.Object)
androidx.core.graphics.Insets$Api29Impl: android.graphics.Insets of(int,int,int,int)
com.google.android.recaptcha.internal.zzgg: com.google.android.recaptcha.internal.zzgf zzb()
com.google.android.recaptcha.internal.zzdd: zzdd()
com.google.android.recaptcha.internal.zzgn: com.google.android.recaptcha.internal.zzhf zzab(boolean)
androidx.constraintlayout.helper.widget.Flow: void setPaddingBottom(int)
androidx.appcompat.app.AlertController$RecycleListView: AlertController$RecycleListView(android.content.Context,android.util.AttributeSet)
androidx.appcompat.widget.AppCompatCheckBox: void setSupportCompoundDrawablesTintMode(android.graphics.PorterDuff$Mode)
androidx.lifecycle.ReportFragment$LifecycleCallbacks: void onActivityCreated(android.app.Activity,android.os.Bundle)
kotlin.jvm.internal.Lambda: int getArity()
androidx.core.view.ViewCompat$Api19Impl: boolean isLaidOut(android.view.View)
com.google.android.recaptcha.internal.zzfu: zzfu()
io.flutter.plugin.editing.ImeSyncDeferringInsetsCallback: android.view.View$OnApplyWindowInsetsListener getInsetsListener()
com.google.android.recaptcha.internal.zzeq: int zzj()
com.google.android.recaptcha.internal.zzfg: int size()
com.google.android.material.chip.Chip: void setBackground(android.graphics.drawable.Drawable)
com.google.android.material.chip.Chip: void setTextAppearance(int)
com.google.android.recaptcha.internal.zzcf: zzcf(java.lang.String,java.lang.String,java.lang.Character)
com.google.android.recaptcha.internal.zzka: zzka(com.google.android.recaptcha.internal.zzje)
com.google.android.recaptcha.internal.zzbt: java.util.Collection zzc()
androidx.core.graphics.drawable.IconCompat$Api23Impl: android.graphics.drawable.Icon toIcon(androidx.core.graphics.drawable.IconCompat,android.content.Context)
com.google.android.recaptcha.internal.zzg: java.lang.String zzb()
androidx.media2.session.SessionTokenParcelizer: androidx.media2.session.SessionToken read(androidx.versionedparcelable.VersionedParcel)