build/app/outputs/mapping/release/usage.txt
com.example.talky.BuildConfig
com.example.talky.R$anim
com.example.talky.R$animator
com.example.talky.R$attr
com.example.talky.R$bool
com.example.talky.R$color
com.example.talky.R$dimen
com.example.talky.R$drawable
com.example.talky.R$id
com.example.talky.R$integer
com.example.talky.R$interpolator
com.example.talky.R$layout
com.example.talky.R$mipmap
com.example.talky.R$plurals
com.example.talky.R$raw
com.example.talky.R$string
com.example.talky.R$style
com.example.talky.R$styleable
com.example.talky.R$xml
com.example.talky.R
...
com.google.common.base.Functions
com.google.common.base.Java8Compatibility
com.google.common.base.JdkPattern$JdkMatcher
com.google.common.base.JdkPattern
com.google.common.base.Joiner$1
com.google.common.base.Joiner$2
com.google.common.base.Joiner$3
com.google.common.base.Joiner$MapJoiner
com.google.common.base.Joiner:
    private void <init>(com.google.common.base.Joiner)
    synthetic void <init>(com.google.common.base.Joiner,com.google.common.base.Joiner$1)
    static synthetic java.lang.String access$100(com.google.common.base.Joiner)
    public java.lang.Appendable appendTo(java.lang.Appendable,java.lang.Iterable)
    public final varargs java.lang.Appendable appendTo(java.lang.Appendable,java.lang.Object,java.lang.Object,java.lang.Object[])
    public final java.lang.Appendable appendTo(java.lang.Appendable,java.lang.Object[])
    public final java.lang.StringBuilder appendTo(java.lang.StringBuilder,java.lang.Iterable)
    public final varargs java.lang.StringBuilder appendTo(java.lang.StringBuilder,java.lang.Object,java.lang.Object,java.lang.Object[])
    public final java.lang.StringBuilder appendTo(java.lang.StringBuilder,java.lang.Object[])
    private static java.lang.Iterable iterable(java.lang.Object,java.lang.Object,java.lang.Object[])
    public final varargs java.lang.String join(java.lang.Object,java.lang.Object,java.lang.Object[])
    public final java.lang.String join(java.lang.Object[])
    public static com.google.common.base.Joiner on(java.lang.String)
    public com.google.common.base.Joiner skipNulls()
    public com.google.common.base.Joiner useForNull(java.lang.String)
    public com.google.common.base.Joiner$MapJoiner withKeyValueSeparator(char)
com.google.common.base.MoreObjects$ToStringHelper:
    public com.google.common.base.MoreObjects$ToStringHelper add(java.lang.String,char)
    public com.google.common.base.MoreObjects$ToStringHelper add(java.lang.String,float)
    private com.google.common.base.MoreObjects$ToStringHelper addHolder(java.lang.Object)
    private com.google.common.base.MoreObjects$ToStringHelper addUnconditionalHolder(java.lang.Object)
    public com.google.common.base.MoreObjects$ToStringHelper addValue(char)
    public com.google.common.base.MoreObjects$ToStringHelper addValue(double)
    public com.google.common.base.MoreObjects$ToStringHelper addValue(float)
    public com.google.common.base.MoreObjects$ToStringHelper addValue(int)
    public com.google.common.base.MoreObjects$ToStringHelper addValue(long)
    public com.google.common.base.MoreObjects$ToStringHelper addValue(java.lang.Object)
    public com.google.common.base.MoreObjects$ToStringHelper addValue(boolean)
com.google.common.base.MoreObjects:
    private void <init>()
    public static com.google.common.base.MoreObjects$ToStringHelper toStringHelper(java.lang.String)
com.google.common.base.NullnessCasts:
    private void <init>()
com.google.common.base.Objects:
    private void <init>()
com.google.common.base.Optional$1$1
com.google.common.base.Optional$1
com.google.common.base.Optional:
    private static final long serialVersionUID
    public static com.google.common.base.Optional absent()
    public abstract java.util.Set asSet()
    public abstract boolean equals(java.lang.Object)
    public static com.google.common.base.Optional fromNullable(java.lang.Object)
    public abstract java.lang.Object get()
    public abstract int hashCode()
    public static com.google.common.base.Optional of(java.lang.Object)
    public abstract com.google.common.base.Optional or(com.google.common.base.Optional)
    public abstract java.lang.Object or(com.google.common.base.Supplier)
    public abstract java.lang.Object or(java.lang.Object)
    public abstract java.lang.Object orNull()
    public static java.lang.Iterable presentInstances(java.lang.Iterable)
    public abstract java.lang.String toString()
    public abstract com.google.common.base.Optional transform(com.google.common.base.Function)